2014/05/06 18:51:07 [error] [exception.CHttpException.404] exception 'CHttpException' with message 'Unable to resolve the request "zii".' in C:\xampp\htdocs\YII\framework\web\CWebApplication.php:286
Stack trace:
#0 C:\xampp\htdocs\YII\framework\web\CWebApplication.php(141): CWebApplication->runController('zii')
#1 C:\xampp\htdocs\YII\framework\base\CApplication.php(180): CWebApplication->processRequest()
#2 C:\xampp\htdocs\YII\manez\index.php(13): CApplication->run()
#3 {main}
REQUEST_URI=/yii/manez/index.php?r=zii
---
2014/05/06 19:38:11 [error] [php] include(Post.php): failed to open stream: No such file or directory (C:\xampp\htdocs\YII\framework\YiiBase.php:427)
Stack trace:
#0 C:\xampp\htdocs\YII\framework\db\ar\CActiveRecord.php(395): spl_autoload_call()
#1 C:\xampp\htdocs\YII\framework\web\CActiveDataProvider.php(165): model()
#2 C:\xampp\htdocs\YII\framework\web\CActiveDataProvider.php(87): CActiveDataProvider->getModel()
#3 C:\xampp\htdocs\YII\manez\protected\controllers\SiteController.php(51): CActiveDataProvider->__construct()
#4 C:\xampp\htdocs\YII\framework\web\actions\CInlineAction.php(49): SiteController->actionIndex()
#5 C:\xampp\htdocs\YII\framework\web\CController.php(308): CInlineAction->runWithParams()
#6 C:\xampp\htdocs\YII\framework\web\CController.php(286): SiteController->runAction()
#7 C:\xampp\htdocs\YII\framework\web\CController.php(265): SiteController->runActionWithFilters()
#8 C:\xampp\htdocs\YII\framework\web\CWebApplication.php(282): SiteController->run()
#9 C:\xampp\htdocs\YII\framework\web\CWebApplication.php(141): CWebApplication->runController()
#10 C:\xampp\htdocs\YII\framework\base\CApplication.php(180): CWebApplication->processRequest()
#11 C:\xampp\htdocs\YII\manez\index.php(13): CWebApplication->run()
REQUEST_URI=/yii/manez/
in C:\xampp\htdocs\YII\manez\protected\controllers\SiteController.php (51)
in C:\xampp\htdocs\YII\manez\index.php (13)
2014/05/06 19:49:50 [error] [exception.CException] exception 'CException' with message 'The "dataProvider" property cannot be empty.' in C:\xampp\htdocs\YII\framework\zii\widgets\CBaseListView.php:109
Stack trace:
#0 C:\xampp\htdocs\YII\framework\zii\widgets\grid\CGridView.php(339): CBaseListView->init()
#1 C:\xampp\htdocs\YII\framework\web\CBaseController.php(147): CGridView->init()
#2 C:\xampp\htdocs\YII\framework\web\CBaseController.php(172): CBaseController->createWidget('zii.widgets.gri...', Array)
#3 C:\xampp\htdocs\YII\manez\protected\views\site\index.php(71): CBaseController->widget('zii.widgets.gri...', Array)
#4 C:\xampp\htdocs\YII\framework\web\CBaseController.php(126): require('C:\xampp\htdocs...')
#5 C:\xampp\htdocs\YII\framework\web\CBaseController.php(95): CBaseController->renderInternal('C:\xampp\htdocs...', Array, true)
#6 C:\xampp\htdocs\YII\framework\web\CController.php(869): CBaseController->renderFile('C:\xampp\htdocs...', Array, true)
#7 C:\xampp\htdocs\YII\framework\web\CController.php(782): CController->renderPartial('index', Array, true)
#8 C:\xampp\htdocs\YII\manez\protected\controllers\SiteController.php(56): CController->render('index', Array)
#9 C:\xampp\htdocs\YII\framework\web\actions\CInlineAction.php(49): SiteController->actionIndex()
#10 C:\xampp\htdocs\YII\framework\web\CController.php(308): CInlineAction->runWithParams(Array)
#11 C:\xampp\htdocs\YII\framework\web\CController.php(286): CController->runAction(Object(CInlineAction))
#12 C:\xampp\htdocs\YII\framework\web\CController.php(265): CController->runActionWithFilters(Object(CInlineAction), Array)
#13 C:\xampp\htdocs\YII\framework\web\CWebApplication.php(282): CController->run('')
#14 C:\xampp\htdocs\YII\framework\web\CWebApplication.php(141): CWebApplication->runController('')
#15 C:\xampp\htdocs\YII\framework\base\CApplication.php(180): CWebApplication->processRequest()
#16 C:\xampp\htdocs\YII\manez\index.php(13): CApplication->run()
#17 {main}
REQUEST_URI=/yii/manez/
---
2014/05/06 21:14:03 [error] [php] include(Order.php): failed to open stream: No such file or directory (C:\xampp\htdocs\YII\framework\YiiBase.php:427)
Stack trace:
#0 C:\xampp\htdocs\YII\manez\protected\controllers\SiteController.php(65): spl_autoload_call()
#1 C:\xampp\htdocs\YII\framework\web\actions\CInlineAction.php(49): SiteController->actionUpdate()
#2 C:\xampp\htdocs\YII\framework\web\CController.php(308): CInlineAction->runWithParams()
#3 C:\xampp\htdocs\YII\framework\web\CController.php(286): SiteController->runAction()
#4 C:\xampp\htdocs\YII\framework\web\CController.php(265): SiteController->runActionWithFilters()
#5 C:\xampp\htdocs\YII\framework\web\CWebApplication.php(282): SiteController->run()
#6 C:\xampp\htdocs\YII\framework\web\CWebApplication.php(141): CWebApplication->runController()
#7 C:\xampp\htdocs\YII\framework\base\CApplication.php(180): CWebApplication->processRequest()
#8 C:\xampp\htdocs\YII\manez\index.php(13): CWebApplication->run()
REQUEST_URI=/yii/manez/index.php?r=site/update&id=1
in C:\xampp\htdocs\YII\manez\protected\controllers\SiteController.php (65)
in C:\xampp\htdocs\YII\manez\index.php (13)
2014/05/06 21:25:17 [error] [exception.CException] exception 'CException' with message 'Property "SiteController._model" is not defined.' in C:\xampp\htdocs\YII\framework\base\CComponent.php:130
Stack trace:
#0 C:\xampp\htdocs\YII\manez\protected\controllers\SiteController.php(148): CComponent->__get('_model')
#1 C:\xampp\htdocs\YII\manez\protected\controllers\SiteController.php(63): SiteController->loadModel(NULL)
#2 C:\xampp\htdocs\YII\framework\web\actions\CInlineAction.php(49): SiteController->actionUpdate()
#3 C:\xampp\htdocs\YII\framework\web\CController.php(308): CInlineAction->runWithParams(Array)
#4 C:\xampp\htdocs\YII\framework\web\CController.php(286): CController->runAction(Object(CInlineAction))
#5 C:\xampp\htdocs\YII\framework\web\CController.php(265): CController->runActionWithFilters(Object(CInlineAction), Array)
#6 C:\xampp\htdocs\YII\framework\web\CWebApplication.php(282): CController->run('update')
#7 C:\xampp\htdocs\YII\framework\web\CWebApplication.php(141): CWebApplication->runController('site/update')
#8 C:\xampp\htdocs\YII\framework\base\CApplication.php(180): CWebApplication->processRequest()
#9 C:\xampp\htdocs\YII\manez\index.php(13): CApplication->run()
#10 {main}
REQUEST_URI=/yii/manez/index.php?r=site/update&id=1
HTTP_REFERER=http://localhost/yii/manez/
---
2014/05/06 21:26:39 [error] [php] include(Post.php): failed to open stream: No such file or directory (C:\xampp\htdocs\YII\framework\YiiBase.php:427)
Stack trace:
#0 C:\xampp\htdocs\YII\manez\protected\controllers\SiteController.php(160): spl_autoload_call()
#1 C:\xampp\htdocs\YII\manez\protected\controllers\SiteController.php(63): SiteController->loadModel()
#2 C:\xampp\htdocs\YII\framework\web\actions\CInlineAction.php(49): SiteController->actionUpdate()
#3 C:\xampp\htdocs\YII\framework\web\CController.php(308): CInlineAction->runWithParams()
#4 C:\xampp\htdocs\YII\framework\web\CController.php(286): SiteController->runAction()
#5 C:\xampp\htdocs\YII\framework\web\CController.php(265): SiteController->runActionWithFilters()
#6 C:\xampp\htdocs\YII\framework\web\CWebApplication.php(282): SiteController->run()
#7 C:\xampp\htdocs\YII\framework\web\CWebApplication.php(141): CWebApplication->runController()
#8 C:\xampp\htdocs\YII\framework\base\CApplication.php(180): CWebApplication->processRequest()
#9 C:\xampp\htdocs\YII\manez\index.php(13): CWebApplication->run()
REQUEST_URI=/yii/manez/index.php?r=site/update&id=1
in C:\xampp\htdocs\YII\manez\protected\controllers\SiteController.php (160)
in C:\xampp\htdocs\YII\manez\protected\controllers\SiteController.php (63)
in C:\xampp\htdocs\YII\manez\index.php (13)
2014/05/06 19:30:35 [error] [exception.CDbException] exception 'CDbException' with message 'CDbConnection failed to open the DB connection: SQLSTATE[28000] [1045] Access denied for user 'root'@'10.2.1.16' (using password: NO)' in /home/u939314396/public_html/YII/framework/db/CDbConnection.php:382
Stack trace:
#0 /home/u939314396/public_html/YII/framework/db/CDbConnection.php(330): CDbConnection->open()
#1 /home/u939314396/public_html/YII/framework/db/CDbConnection.php(308): CDbConnection->setActive(true)
#2 /home/u939314396/public_html/YII/framework/base/CModule.php(387): CDbConnection->init()
#3 /home/u939314396/public_html/YII/framework/base/CApplication.php(450): CModule->getComponent('db')
#4 /home/u939314396/public_html/YII/framework/db/ar/CActiveRecord.php(634): CApplication->getDb()
#5 /home/u939314396/public_html/YII/framework/db/ar/CActiveRecord.php(667): CActiveRecord->getDbConnection()
#6 /home/u939314396/public_html/YII/framework/db/ar/CActiveRecord.php(1595): CActiveRecord->getCommandBuilder()
#7 /home/u939314396/public_html/YII/framework/web/CActiveDataProvider.php(228): CActiveRecord->count(Object(CDbCriteria))
#8 /home/u939314396/public_html/YII/framework/web/CDataProvider.php(224): CActiveDataProvider->calculateTotalItemCount()
#9 /home/u939314396/public_html/YII/framework/web/CActiveDataProvider.php(178): CDataProvider->getTotalItemCount()
#10 /home/u939314396/public_html/YII/framework/web/CDataProvider.php(168): CActiveDataProvider->fetchData()
#11 /home/u939314396/public_html/YII/framework/zii/widgets/CBaseListView.php(111): CDataProvider->getData()
#12 /home/u939314396/public_html/YII/framework/zii/widgets/grid/CGridView.php(339): CBaseListView->init()
#13 /home/u939314396/public_html/YII/framework/web/CBaseController.php(147): CGridView->init()
#14 /home/u939314396/public_html/YII/framework/web/CBaseController.php(172): CBaseController->createWidget('zii.widgets.gri...', Array)
#15 /home/u939314396/public_html/protected/views/site/index.php(85): CBaseController->widget('zii.widgets.gri...', Array)
#16 /home/u939314396/public_html/YII/framework/web/CBaseController.php(126): require('/home/u93931439...')
#17 /home/u939314396/public_html/YII/framework/web/CBaseController.php(95): CBaseController->renderInternal('/home/u93931439...', Array, true)
#18 /home/u939314396/public_html/YII/framework/web/CController.php(869): CBaseController->renderFile('/home/u93931439...', Array, true)
#19 /home/u939314396/public_html/YII/framework/web/CController.php(782): CController->renderPartial('index', Array, true)
#20 /home/u939314396/public_html/protected/controllers/SiteController.php(58): CController->render('index', Array)
#21 /home/u939314396/public_html/YII/framework/web/actions/CInlineAction.php(49): SiteController->actionIndex()
#22 /home/u939314396/public_html/YII/framework/web/CController.php(308): CInlineAction->runWithParams(Array)
#23 /home/u939314396/public_html/YII/framework/web/CController.php(286): CController->runAction(Object(CInlineAction))
#24 /home/u939314396/public_html/YII/framework/web/CController.php(265): CController->runActionWithFilters(Object(CInlineAction), Array)
#25 /home/u939314396/public_html/YII/framework/web/CWebApplication.php(282): CController->run('')
#26 /home/u939314396/public_html/YII/framework/web/CWebApplication.php(141): CWebApplication->runController('')
#27 /home/u939314396/public_html/YII/framework/base/CApplication.php(180): CWebApplication->processRequest()
#28 /home/u939314396/public_html/index.php(13): CApplication->run()
#29 {main}
REQUEST_URI=/
---
2014/05/06 19:30:50 [error] [exception.CDbException] exception 'CDbException' with message 'CDbConnection failed to open the DB connection: SQLSTATE[28000] [1045] Access denied for user 'root'@'10.2.1.16' (using password: NO)' in /home/u939314396/public_html/YII/framework/db/CDbConnection.php:382
Stack trace:
#0 /home/u939314396/public_html/YII/framework/db/CDbConnection.php(330): CDbConnection->open()
#1 /home/u939314396/public_html/YII/framework/db/CDbConnection.php(308): CDbConnection->setActive(true)
#2 /home/u939314396/public_html/YII/framework/base/CModule.php(387): CDbConnection->init()
#3 /home/u939314396/public_html/YII/framework/base/CApplication.php(450): CModule->getComponent('db')
#4 /home/u939314396/public_html/YII/framework/db/ar/CActiveRecord.php(634): CApplication->getDb()
#5 /home/u939314396/public_html/YII/framework/db/ar/CActiveRecord.php(667): CActiveRecord->getDbConnection()
#6 /home/u939314396/public_html/YII/framework/db/ar/CActiveRecord.php(1595): CActiveRecord->getCommandBuilder()
#7 /home/u939314396/public_html/YII/framework/web/CActiveDataProvider.php(228): CActiveRecord->count(Object(CDbCriteria))
#8 /home/u939314396/public_html/YII/framework/web/CDataProvider.php(224): CActiveDataProvider->calculateTotalItemCount()
#9 /home/u939314396/public_html/YII/framework/web/CActiveDataProvider.php(178): CDataProvider->getTotalItemCount()
#10 /home/u939314396/public_html/YII/framework/web/CDataProvider.php(168): CActiveDataProvider->fetchData()
#11 /home/u939314396/public_html/YII/framework/zii/widgets/CBaseListView.php(111): CDataProvider->getData()
#12 /home/u939314396/public_html/YII/framework/zii/widgets/grid/CGridView.php(339): CBaseListView->init()
#13 /home/u939314396/public_html/YII/framework/web/CBaseController.php(147): CGridView->init()
#14 /home/u939314396/public_html/YII/framework/web/CBaseController.php(172): CBaseController->createWidget('zii.widgets.gri...', Array)
#15 /home/u939314396/public_html/protected/views/site/index.php(85): CBaseController->widget('zii.widgets.gri...', Array)
#16 /home/u939314396/public_html/YII/framework/web/CBaseController.php(126): require('/home/u93931439...')
#17 /home/u939314396/public_html/YII/framework/web/CBaseController.php(95): CBaseController->renderInternal('/home/u93931439...', Array, true)
#18 /home/u939314396/public_html/YII/framework/web/CController.php(869): CBaseController->renderFile('/home/u93931439...', Array, true)
#19 /home/u939314396/public_html/YII/framework/web/CController.php(782): CController->renderPartial('index', Array, true)
#20 /home/u939314396/public_html/protected/controllers/SiteController.php(58): CController->render('index', Array)
#21 /home/u939314396/public_html/YII/framework/web/actions/CInlineAction.php(49): SiteController->actionIndex()
#22 /home/u939314396/public_html/YII/framework/web/CController.php(308): CInlineAction->runWithParams(Array)
#23 /home/u939314396/public_html/YII/framework/web/CController.php(286): CController->runAction(Object(CInlineAction))
#24 /home/u939314396/public_html/YII/framework/web/CController.php(265): CController->runActionWithFilters(Object(CInlineAction), Array)
#25 /home/u939314396/public_html/YII/framework/web/CWebApplication.php(282): CController->run('')
#26 /home/u939314396/public_html/YII/framework/web/CWebApplication.php(141): CWebApplication->runController('')
#27 /home/u939314396/public_html/YII/framework/base/CApplication.php(180): CWebApplication->processRequest()
#28 /home/u939314396/public_html/index.php(13): CApplication->run()
#29 {main}
REQUEST_URI=/
---
2014/05/06 19:32:14 [error] [exception.CDbException] exception 'CDbException' with message 'CDbConnection failed to open the DB connection: SQLSTATE[28000] [1045] Access denied for user 'root'@'10.2.1.16' (using password: NO)' in /home/u939314396/public_html/YII/framework/db/CDbConnection.php:382
Stack trace:
#0 /home/u939314396/public_html/YII/framework/db/CDbConnection.php(330): CDbConnection->open()
#1 /home/u939314396/public_html/YII/framework/db/CDbConnection.php(308): CDbConnection->setActive(true)
#2 /home/u939314396/public_html/YII/framework/base/CModule.php(387): CDbConnection->init()
#3 /home/u939314396/public_html/YII/framework/base/CApplication.php(450): CModule->getComponent('db')
#4 /home/u939314396/public_html/YII/framework/db/ar/CActiveRecord.php(634): CApplication->getDb()
#5 /home/u939314396/public_html/YII/framework/db/ar/CActiveRecord.php(667): CActiveRecord->getDbConnection()
#6 /home/u939314396/public_html/YII/framework/db/ar/CActiveRecord.php(1595): CActiveRecord->getCommandBuilder()
#7 /home/u939314396/public_html/YII/framework/web/CActiveDataProvider.php(228): CActiveRecord->count(Object(CDbCriteria))
#8 /home/u939314396/public_html/YII/framework/web/CDataProvider.php(224): CActiveDataProvider->calculateTotalItemCount()
#9 /home/u939314396/public_html/YII/framework/web/CActiveDataProvider.php(178): CDataProvider->getTotalItemCount()
#10 /home/u939314396/public_html/YII/framework/web/CDataProvider.php(168): CActiveDataProvider->fetchData()
#11 /home/u939314396/public_html/YII/framework/zii/widgets/CBaseListView.php(111): CDataProvider->getData()
#12 /home/u939314396/public_html/YII/framework/zii/widgets/grid/CGridView.php(339): CBaseListView->init()
#13 /home/u939314396/public_html/YII/framework/web/CBaseController.php(147): CGridView->init()
#14 /home/u939314396/public_html/YII/framework/web/CBaseController.php(172): CBaseController->createWidget('zii.widgets.gri...', Array)
#15 /home/u939314396/public_html/protected/views/site/index.php(85): CBaseController->widget('zii.widgets.gri...', Array)
#16 /home/u939314396/public_html/YII/framework/web/CBaseController.php(126): require('/home/u93931439...')
#17 /home/u939314396/public_html/YII/framework/web/CBaseController.php(95): CBaseController->renderInternal('/home/u93931439...', Array, true)
#18 /home/u939314396/public_html/YII/framework/web/CController.php(869): CBaseController->renderFile('/home/u93931439...', Array, true)
#19 /home/u939314396/public_html/YII/framework/web/CController.php(782): CController->renderPartial('index', Array, true)
#20 /home/u939314396/public_html/protected/controllers/SiteController.php(58): CController->render('index', Array)
#21 /home/u939314396/public_html/YII/framework/web/actions/CInlineAction.php(49): SiteController->actionIndex()
#22 /home/u939314396/public_html/YII/framework/web/CController.php(308): CInlineAction->runWithParams(Array)
#23 /home/u939314396/public_html/YII/framework/web/CController.php(286): CController->runAction(Object(CInlineAction))
#24 /home/u939314396/public_html/YII/framework/web/CController.php(265): CController->runActionWithFilters(Object(CInlineAction), Array)
#25 /home/u939314396/public_html/YII/framework/web/CWebApplication.php(282): CController->run('')
#26 /home/u939314396/public_html/YII/framework/web/CWebApplication.php(141): CWebApplication->runController('')
#27 /home/u939314396/public_html/YII/framework/base/CApplication.php(180): CWebApplication->processRequest()
#28 /home/u939314396/public_html/index.php(13): CApplication->run()
#29 {main}
REQUEST_URI=/
---
2014/05/06 19:32:15 [error] [exception.CDbException] exception 'CDbException' with message 'CDbConnection failed to open the DB connection: SQLSTATE[28000] [1045] Access denied for user 'root'@'10.2.1.16' (using password: NO)' in /home/u939314396/public_html/YII/framework/db/CDbConnection.php:382
Stack trace:
#0 /home/u939314396/public_html/YII/framework/db/CDbConnection.php(330): CDbConnection->open()
#1 /home/u939314396/public_html/YII/framework/db/CDbConnection.php(308): CDbConnection->setActive(true)
#2 /home/u939314396/public_html/YII/framework/base/CModule.php(387): CDbConnection->init()
#3 /home/u939314396/public_html/YII/framework/base/CApplication.php(450): CModule->getComponent('db')
#4 /home/u939314396/public_html/YII/framework/db/ar/CActiveRecord.php(634): CApplication->getDb()
#5 /home/u939314396/public_html/YII/framework/db/ar/CActiveRecord.php(667): CActiveRecord->getDbConnection()
#6 /home/u939314396/public_html/YII/framework/db/ar/CActiveRecord.php(1595): CActiveRecord->getCommandBuilder()
#7 /home/u939314396/public_html/YII/framework/web/CActiveDataProvider.php(228): CActiveRecord->count(Object(CDbCriteria))
#8 /home/u939314396/public_html/YII/framework/web/CDataProvider.php(224): CActiveDataProvider->calculateTotalItemCount()
#9 /home/u939314396/public_html/YII/framework/web/CActiveDataProvider.php(178): CDataProvider->getTotalItemCount()
#10 /home/u939314396/public_html/YII/framework/web/CDataProvider.php(168): CActiveDataProvider->fetchData()
#11 /home/u939314396/public_html/YII/framework/zii/widgets/CBaseListView.php(111): CDataProvider->getData()
#12 /home/u939314396/public_html/YII/framework/zii/widgets/grid/CGridView.php(339): CBaseListView->init()
#13 /home/u939314396/public_html/YII/framework/web/CBaseController.php(147): CGridView->init()
#14 /home/u939314396/public_html/YII/framework/web/CBaseController.php(172): CBaseController->createWidget('zii.widgets.gri...', Array)
#15 /home/u939314396/public_html/protected/views/site/index.php(85): CBaseController->widget('zii.widgets.gri...', Array)
#16 /home/u939314396/public_html/YII/framework/web/CBaseController.php(126): require('/home/u93931439...')
#17 /home/u939314396/public_html/YII/framework/web/CBaseController.php(95): CBaseController->renderInternal('/home/u93931439...', Array, true)
#18 /home/u939314396/public_html/YII/framework/web/CController.php(869): CBaseController->renderFile('/home/u93931439...', Array, true)
#19 /home/u939314396/public_html/YII/framework/web/CController.php(782): CController->renderPartial('index', Array, true)
#20 /home/u939314396/public_html/protected/controllers/SiteController.php(58): CController->render('index', Array)
#21 /home/u939314396/public_html/YII/framework/web/actions/CInlineAction.php(49): SiteController->actionIndex()
#22 /home/u939314396/public_html/YII/framework/web/CController.php(308): CInlineAction->runWithParams(Array)
#23 /home/u939314396/public_html/YII/framework/web/CController.php(286): CController->runAction(Object(CInlineAction))
#24 /home/u939314396/public_html/YII/framework/web/CController.php(265): CController->runActionWithFilters(Object(CInlineAction), Array)
#25 /home/u939314396/public_html/YII/framework/web/CWebApplication.php(282): CController->run('')
#26 /home/u939314396/public_html/YII/framework/web/CWebApplication.php(141): CWebApplication->runController('')
#27 /home/u939314396/public_html/YII/framework/base/CApplication.php(180): CWebApplication->processRequest()
#28 /home/u939314396/public_html/index.php(13): CApplication->run()
#29 {main}
REQUEST_URI=/
---
2014/05/06 19:32:17 [error] [exception.CDbException] exception 'CDbException' with message 'CDbConnection failed to open the DB connection: SQLSTATE[28000] [1045] Access denied for user 'root'@'10.2.1.16' (using password: NO)' in /home/u939314396/public_html/YII/framework/db/CDbConnection.php:382
Stack trace:
#0 /home/u939314396/public_html/YII/framework/db/CDbConnection.php(330): CDbConnection->open()
#1 /home/u939314396/public_html/YII/framework/db/CDbConnection.php(308): CDbConnection->setActive(true)
#2 /home/u939314396/public_html/YII/framework/base/CModule.php(387): CDbConnection->init()
#3 /home/u939314396/public_html/YII/framework/base/CApplication.php(450): CModule->getComponent('db')
#4 /home/u939314396/public_html/YII/framework/db/ar/CActiveRecord.php(634): CApplication->getDb()
#5 /home/u939314396/public_html/YII/framework/db/ar/CActiveRecord.php(667): CActiveRecord->getDbConnection()
#6 /home/u939314396/public_html/YII/framework/db/ar/CActiveRecord.php(1595): CActiveRecord->getCommandBuilder()
#7 /home/u939314396/public_html/YII/framework/web/CActiveDataProvider.php(228): CActiveRecord->count(Object(CDbCriteria))
#8 /home/u939314396/public_html/YII/framework/web/CDataProvider.php(224): CActiveDataProvider->calculateTotalItemCount()
#9 /home/u939314396/public_html/YII/framework/web/CActiveDataProvider.php(178): CDataProvider->getTotalItemCount()
#10 /home/u939314396/public_html/YII/framework/web/CDataProvider.php(168): CActiveDataProvider->fetchData()
#11 /home/u939314396/public_html/YII/framework/zii/widgets/CBaseListView.php(111): CDataProvider->getData()
#12 /home/u939314396/public_html/YII/framework/zii/widgets/grid/CGridView.php(339): CBaseListView->init()
#13 /home/u939314396/public_html/YII/framework/web/CBaseController.php(147): CGridView->init()
#14 /home/u939314396/public_html/YII/framework/web/CBaseController.php(172): CBaseController->createWidget('zii.widgets.gri...', Array)
#15 /home/u939314396/public_html/protected/views/site/index.php(85): CBaseController->widget('zii.widgets.gri...', Array)
#16 /home/u939314396/public_html/YII/framework/web/CBaseController.php(126): require('/home/u93931439...')
#17 /home/u939314396/public_html/YII/framework/web/CBaseController.php(95): CBaseController->renderInternal('/home/u93931439...', Array, true)
#18 /home/u939314396/public_html/YII/framework/web/CController.php(869): CBaseController->renderFile('/home/u93931439...', Array, true)
#19 /home/u939314396/public_html/YII/framework/web/CController.php(782): CController->renderPartial('index', Array, true)
#20 /home/u939314396/public_html/protected/controllers/SiteController.php(58): CController->render('index', Array)
#21 /home/u939314396/public_html/YII/framework/web/actions/CInlineAction.php(49): SiteController->actionIndex()
#22 /home/u939314396/public_html/YII/framework/web/CController.php(308): CInlineAction->runWithParams(Array)
#23 /home/u939314396/public_html/YII/framework/web/CController.php(286): CController->runAction(Object(CInlineAction))
#24 /home/u939314396/public_html/YII/framework/web/CController.php(265): CController->runActionWithFilters(Object(CInlineAction), Array)
#25 /home/u939314396/public_html/YII/framework/web/CWebApplication.php(282): CController->run('')
#26 /home/u939314396/public_html/YII/framework/web/CWebApplication.php(141): CWebApplication->runController('')
#27 /home/u939314396/public_html/YII/framework/base/CApplication.php(180): CWebApplication->processRequest()
#28 /home/u939314396/public_html/index.php(13): CApplication->run()
#29 {main}
REQUEST_URI=/
---
2014/05/06 19:32:24 [error] [exception.CDbException] exception 'CDbException' with message 'CDbConnection failed to open the DB connection: SQLSTATE[28000] [1045] Access denied for user 'root'@'10.2.1.16' (using password: NO)' in /home/u939314396/public_html/YII/framework/db/CDbConnection.php:382
Stack trace:
#0 /home/u939314396/public_html/YII/framework/db/CDbConnection.php(330): CDbConnection->open()
#1 /home/u939314396/public_html/YII/framework/db/CDbConnection.php(308): CDbConnection->setActive(true)
#2 /home/u939314396/public_html/YII/framework/base/CModule.php(387): CDbConnection->init()
#3 /home/u939314396/public_html/YII/framework/base/CApplication.php(450): CModule->getComponent('db')
#4 /home/u939314396/public_html/YII/framework/db/ar/CActiveRecord.php(634): CApplication->getDb()
#5 /home/u939314396/public_html/YII/framework/db/ar/CActiveRecord.php(667): CActiveRecord->getDbConnection()
#6 /home/u939314396/public_html/YII/framework/db/ar/CActiveRecord.php(1595): CActiveRecord->getCommandBuilder()
#7 /home/u939314396/public_html/YII/framework/web/CActiveDataProvider.php(228): CActiveRecord->count(Object(CDbCriteria))
#8 /home/u939314396/public_html/YII/framework/web/CDataProvider.php(224): CActiveDataProvider->calculateTotalItemCount()
#9 /home/u939314396/public_html/YII/framework/web/CActiveDataProvider.php(178): CDataProvider->getTotalItemCount()
#10 /home/u939314396/public_html/YII/framework/web/CDataProvider.php(168): CActiveDataProvider->fetchData()
#11 /home/u939314396/public_html/YII/framework/zii/widgets/CBaseListView.php(111): CDataProvider->getData()
#12 /home/u939314396/public_html/YII/framework/zii/widgets/grid/CGridView.php(339): CBaseListView->init()
#13 /home/u939314396/public_html/YII/framework/web/CBaseController.php(147): CGridView->init()
#14 /home/u939314396/public_html/YII/framework/web/CBaseController.php(172): CBaseController->createWidget('zii.widgets.gri...', Array)
#15 /home/u939314396/public_html/protected/views/site/index.php(85): CBaseController->widget('zii.widgets.gri...', Array)
#16 /home/u939314396/public_html/YII/framework/web/CBaseController.php(126): require('/home/u93931439...')
#17 /home/u939314396/public_html/YII/framework/web/CBaseController.php(95): CBaseController->renderInternal('/home/u93931439...', Array, true)
#18 /home/u939314396/public_html/YII/framework/web/CController.php(869): CBaseController->renderFile('/home/u93931439...', Array, true)
#19 /home/u939314396/public_html/YII/framework/web/CController.php(782): CController->renderPartial('index', Array, true)
#20 /home/u939314396/public_html/protected/controllers/SiteController.php(58): CController->render('index', Array)
#21 /home/u939314396/public_html/YII/framework/web/actions/CInlineAction.php(49): SiteController->actionIndex()
#22 /home/u939314396/public_html/YII/framework/web/CController.php(308): CInlineAction->runWithParams(Array)
#23 /home/u939314396/public_html/YII/framework/web/CController.php(286): CController->runAction(Object(CInlineAction))
#24 /home/u939314396/public_html/YII/framework/web/CController.php(265): CController->runActionWithFilters(Object(CInlineAction), Array)
#25 /home/u939314396/public_html/YII/framework/web/CWebApplication.php(282): CController->run('')
#26 /home/u939314396/public_html/YII/framework/web/CWebApplication.php(141): CWebApplication->runController('')
#27 /home/u939314396/public_html/YII/framework/base/CApplication.php(180): CWebApplication->processRequest()
#28 /home/u939314396/public_html/index.php(13): CApplication->run()
#29 {main}
REQUEST_URI=/
---
2014/05/06 19:32:44 [error] [exception.CException] exception 'CException' with message 'CAssetManager.basePath "/home/u939314396/public_html/assets" is invalid. Please make sure the directory exists and is writable by the Web server process.' in /home/u939314396/public_html/YII/framework/web/CAssetManager.php:138
Stack trace:
#0 /home/u939314396/public_html/YII/framework/web/CAssetManager.php(123): CAssetManager->setBasePath('/home/u93931439...')
#1 /home/u939314396/public_html/YII/framework/web/CAssetManager.php(217): CAssetManager->getBasePath()
#2 /home/u939314396/public_html/YII/framework/zii/widgets/grid/CGridView.php(350): CAssetManager->publish('/home/u93931439...')
#3 /home/u939314396/public_html/YII/framework/web/CBaseController.php(147): CGridView->init()
#4 /home/u939314396/public_html/YII/framework/web/CBaseController.php(172): CBaseController->createWidget('zii.widgets.gri...', Array)
#5 /home/u939314396/public_html/protected/views/site/index.php(85): CBaseController->widget('zii.widgets.gri...', Array)
#6 /home/u939314396/public_html/YII/framework/web/CBaseController.php(126): require('/home/u93931439...')
#7 /home/u939314396/public_html/YII/framework/web/CBaseController.php(95): CBaseController->renderInternal('/home/u93931439...', Array, true)
#8 /home/u939314396/public_html/YII/framework/web/CController.php(869): CBaseController->renderFile('/home/u93931439...', Array, true)
#9 /home/u939314396/public_html/YII/framework/web/CController.php(782): CController->renderPartial('index', Array, true)
#10 /home/u939314396/public_html/protected/controllers/SiteController.php(58): CController->render('index', Array)
#11 /home/u939314396/public_html/YII/framework/web/actions/CInlineAction.php(49): SiteController->actionIndex()
#12 /home/u939314396/public_html/YII/framework/web/CController.php(308): CInlineAction->runWithParams(Array)
#13 /home/u939314396/public_html/YII/framework/web/CController.php(286): CController->runAction(Object(CInlineAction))
#14 /home/u939314396/public_html/YII/framework/web/CController.php(265): CController->runActionWithFilters(Object(CInlineAction), Array)
#15 /home/u939314396/public_html/YII/framework/web/CWebApplication.php(282): CController->run('')
#16 /home/u939314396/public_html/YII/framework/web/CWebApplication.php(141): CWebApplication->runController('')
#17 /home/u939314396/public_html/YII/framework/base/CApplication.php(180): CWebApplication->processRequest()
#18 /home/u939314396/public_html/index.php(13): CApplication->run()
#19 {main}
REQUEST_URI=/
---
2014/05/06 19:33:06 [error] [exception.CException] exception 'CException' with message 'CAssetManager.basePath "/home/u939314396/public_html/assets" is invalid. Please make sure the directory exists and is writable by the Web server process.' in /home/u939314396/public_html/YII/framework/web/CAssetManager.php:138
Stack trace:
#0 /home/u939314396/public_html/YII/framework/web/CAssetManager.php(123): CAssetManager->setBasePath('/home/u93931439...')
#1 /home/u939314396/public_html/YII/framework/web/CAssetManager.php(217): CAssetManager->getBasePath()
#2 /home/u939314396/public_html/YII/framework/zii/widgets/grid/CGridView.php(350): CAssetManager->publish('/home/u93931439...')
#3 /home/u939314396/public_html/YII/framework/web/CBaseController.php(147): CGridView->init()
#4 /home/u939314396/public_html/YII/framework/web/CBaseController.php(172): CBaseController->createWidget('zii.widgets.gri...', Array)
#5 /home/u939314396/public_html/protected/views/site/index.php(85): CBaseController->widget('zii.widgets.gri...', Array)
#6 /home/u939314396/public_html/YII/framework/web/CBaseController.php(126): require('/home/u93931439...')
#7 /home/u939314396/public_html/YII/framework/web/CBaseController.php(95): CBaseController->renderInternal('/home/u93931439...', Array, true)
#8 /home/u939314396/public_html/YII/framework/web/CController.php(869): CBaseController->renderFile('/home/u93931439...', Array, true)
#9 /home/u939314396/public_html/YII/framework/web/CController.php(782): CController->renderPartial('index', Array, true)
#10 /home/u939314396/public_html/protected/controllers/SiteController.php(58): CController->render('index', Array)
#11 /home/u939314396/public_html/YII/framework/web/actions/CInlineAction.php(49): SiteController->actionIndex()
#12 /home/u939314396/public_html/YII/framework/web/CController.php(308): CInlineAction->runWithParams(Array)
#13 /home/u939314396/public_html/YII/framework/web/CController.php(286): CController->runAction(Object(CInlineAction))
#14 /home/u939314396/public_html/YII/framework/web/CController.php(265): CController->runActionWithFilters(Object(CInlineAction), Array)
#15 /home/u939314396/public_html/YII/framework/web/CWebApplication.php(282): CController->run('')
#16 /home/u939314396/public_html/YII/framework/web/CWebApplication.php(141): CWebApplication->runController('')
#17 /home/u939314396/public_html/YII/framework/base/CApplication.php(180): CWebApplication->processRequest()
#18 /home/u939314396/public_html/index.php(13): CApplication->run()
#19 {main}
REQUEST_URI=/
---
2014/05/06 19:33:59 [error] [exception.CHttpException.404] exception 'CHttpException' with message 'The system is unable to find the requested action "view".' in /home/u939314396/public_html/YII/framework/web/CController.php:483
Stack trace:
#0 /home/u939314396/public_html/YII/framework/web/CController.php(270): CController->missingAction('view')
#1 /home/u939314396/public_html/YII/framework/web/CWebApplication.php(282): CController->run('view')
#2 /home/u939314396/public_html/YII/framework/web/CWebApplication.php(141): CWebApplication->runController('site/view')
#3 /home/u939314396/public_html/YII/framework/base/CApplication.php(180): CWebApplication->processRequest()
#4 /home/u939314396/public_html/index.php(13): CApplication->run()
#5 {main}
REQUEST_URI=/index.php?r=site/view&id=1
HTTP_REFERER=http://jurets.besaba.com/
---
2014/05/06 19:34:08 [error] [exception.CHttpException.404] exception 'CHttpException' with message 'The system is unable to find the requested action "view".' in /home/u939314396/public_html/YII/framework/web/CController.php:483
Stack trace:
#0 /home/u939314396/public_html/YII/framework/web/CController.php(270): CController->missingAction('view')
#1 /home/u939314396/public_html/YII/framework/web/CWebApplication.php(282): CController->run('view')
#2 /home/u939314396/public_html/YII/framework/web/CWebApplication.php(141): CWebApplication->runController('site/view')
#3 /home/u939314396/public_html/YII/framework/base/CApplication.php(180): CWebApplication->processRequest()
#4 /home/u939314396/public_html/index.php(13): CApplication->run()
#5 {main}
REQUEST_URI=/index.php?r=site/view&id=1
HTTP_REFERER=http://jurets.besaba.com/
---
2014/05/06 19:35:58 [error] [exception.CHttpException.404] exception 'CHttpException' with message 'The system is unable to find the requested action "view".' in /home/u939314396/public_html/YII/framework/web/CController.php:483
Stack trace:
#0 /home/u939314396/public_html/YII/framework/web/CController.php(270): CController->missingAction('view')
#1 /home/u939314396/public_html/YII/framework/web/CWebApplication.php(282): CController->run('view')
#2 /home/u939314396/public_html/YII/framework/web/CWebApplication.php(141): CWebApplication->runController('site/view')
#3 /home/u939314396/public_html/YII/framework/base/CApplication.php(180): CWebApplication->processRequest()
#4 /home/u939314396/public_html/index.php(13): CApplication->run()
#5 {main}
REQUEST_URI=/index.php?r=site/view&id=1
HTTP_REFERER=http://jurets.besaba.com/
---
2014/05/06 19:44:58 [error] [exception.CHttpException.404] exception 'CHttpException' with message 'The system is unable to find the requested action "view".' in /home/u939314396/public_html/YII/framework/web/CController.php:483
Stack trace:
#0 /home/u939314396/public_html/YII/framework/web/CController.php(270): CController->missingAction('view')
#1 /home/u939314396/public_html/YII/framework/web/CWebApplication.php(282): CController->run('view')
#2 /home/u939314396/public_html/YII/framework/web/CWebApplication.php(141): CWebApplication->runController('site/view')
#3 /home/u939314396/public_html/YII/framework/base/CApplication.php(180): CWebApplication->processRequest()
#4 /home/u939314396/public_html/index.php(13): CApplication->run()
#5 {main}
REQUEST_URI=/index.php?r=site/view&id=1
HTTP_REFERER=http://jurets.besaba.com/index.php?r=site/index
---
2014/05/07 14:41:01 [error] [exception.CException] exception 'CException' with message 'Statuses and its behaviors do not have a method or closure named "StatusList".' in /home/u939314396/public_html/YII/framework/base/CComponent.php:266
Stack trace:
#0 /home/u939314396/public_html/YII/framework/db/ar/CActiveRecord.php(227): CComponent->__call('StatusList', Array)
#1 /home/u939314396/public_html/protected/views/site/update.php(120): CActiveRecord->__call('StatusList', Array)
#2 /home/u939314396/public_html/protected/views/site/update.php(120): Statuses->StatusList()
#3 /home/u939314396/public_html/YII/framework/web/CBaseController.php(126): require('/home/u93931439...')
#4 /home/u939314396/public_html/YII/framework/web/CBaseController.php(95): CBaseController->renderInternal('/home/u93931439...', Array, true)
#5 /home/u939314396/public_html/YII/framework/web/CController.php(869): CBaseController->renderFile('/home/u93931439...', Array, true)
#6 /home/u939314396/public_html/YII/framework/web/CController.php(782): CController->renderPartial('update', Array, true)
#7 /home/u939314396/public_html/protected/controllers/SiteController.php(112): CController->render('update', Array)
#8 /home/u939314396/public_html/YII/framework/web/actions/CInlineAction.php(49): SiteController->actionUpdate()
#9 /home/u939314396/public_html/YII/framework/web/CController.php(308): CInlineAction->runWithParams(Array)
#10 /home/u939314396/public_html/YII/framework/web/CController.php(286): CController->runAction(Object(CInlineAction))
#11 /home/u939314396/public_html/YII/framework/web/CController.php(265): CController->runActionWithFilters(Object(CInlineAction), Array)
#12 /home/u939314396/public_html/YII/framework/web/CWebApplication.php(282): CController->run('update')
#13 /home/u939314396/public_html/YII/framework/web/CWebApplication.php(141): CWebApplication->runController('site/update')
#14 /home/u939314396/public_html/YII/framework/base/CApplication.php(180): CWebApplication->processRequest()
#15 /home/u939314396/public_html/index.php(13): CApplication->run()
#16 {main}
REQUEST_URI=/index.php?r=site/update&id=10
HTTP_REFERER=http://jurets.besaba.com/index.php?r=site/index
---
2014/05/07 14:42:08 [warning] [application] Failed to set unsafe attribute "comment" of "Orders".
in /home/u939314396/public_html/protected/controllers/SiteController.php (105)
in /home/u939314396/public_html/index.php (13)
2014/05/07 14:47:31 [warning] [application] Failed to set unsafe attribute "comment" of "Orders".
in /home/u939314396/public_html/protected/controllers/SiteController.php (105)
in /home/u939314396/public_html/index.php (13)
2014/05/07 15:27:12 [warning] [application] Failed to set unsafe attribute "comment" of "Orders".
in /home/u939314396/public_html/protected/controllers/SiteController.php (105)
in /home/u939314396/public_html/index.php (13)
2014/05/07 17:46:09 [warning] [application] Failed to set unsafe attribute "name" of "ContactForm".
in /home/u939314396/public_html/protected/controllers/SiteController.php (69)
in /home/u939314396/public_html/index.php (13)
2014/05/07 17:46:09 [warning] [application] Failed to set unsafe attribute "body" of "ContactForm".
in /home/u939314396/public_html/protected/controllers/SiteController.php (69)
in /home/u939314396/public_html/index.php (13)
2014/05/07 17:47:47 [warning] [application] Failed to set unsafe attribute "name" of "ContactForm".
in /home/u939314396/public_html/protected/controllers/SiteController.php (69)
in /home/u939314396/public_html/index.php (13)
2014/05/07 17:47:47 [warning] [application] Failed to set unsafe attribute "body" of "ContactForm".
in /home/u939314396/public_html/protected/controllers/SiteController.php (69)
in /home/u939314396/public_html/index.php (13)
2014/05/07 17:50:55 [warning] [application] Failed to set unsafe attribute "name" of "ContactForm".
in /home/u939314396/public_html/protected/controllers/SiteController.php (69)
in /home/u939314396/public_html/index.php (13)
2014/05/07 17:50:55 [warning] [application] Failed to set unsafe attribute "body" of "ContactForm".
in /home/u939314396/public_html/protected/controllers/SiteController.php (69)
in /home/u939314396/public_html/index.php (13)
2014/05/07 17:52:35 [warning] [application] Failed to set unsafe attribute "name" of "ContactForm".
in /home/u939314396/public_html/protected/controllers/SiteController.php (69)
in /home/u939314396/public_html/index.php (13)
2014/05/07 17:52:35 [warning] [application] Failed to set unsafe attribute "body" of "ContactForm".
in /home/u939314396/public_html/protected/controllers/SiteController.php (69)
in /home/u939314396/public_html/index.php (13)
2014/05/07 17:53:35 [warning] [application] Failed to set unsafe attribute "name" of "ContactForm".
in /home/u939314396/public_html/protected/controllers/SiteController.php (69)
in /home/u939314396/public_html/index.php (13)
2014/05/07 17:53:35 [warning] [application] Failed to set unsafe attribute "body" of "ContactForm".
in /home/u939314396/public_html/protected/controllers/SiteController.php (69)
in /home/u939314396/public_html/index.php (13)
2014/05/07 17:55:49 [warning] [application] Failed to set unsafe attribute "name" of "ContactForm".
in /home/u939314396/public_html/protected/controllers/SiteController.php (69)
in /home/u939314396/public_html/index.php (13)
2014/05/07 17:55:49 [warning] [application] Failed to set unsafe attribute "body" of "ContactForm".
in /home/u939314396/public_html/protected/controllers/SiteController.php (69)
in /home/u939314396/public_html/index.php (13)
2014/05/07 18:07:16 [warning] [application] Failed to set unsafe attribute "name" of "ContactForm".
in /home/u939314396/public_html/protected/controllers/SiteController.php (69)
in /home/u939314396/public_html/index.php (13)
2014/05/07 18:07:16 [warning] [application] Failed to set unsafe attribute "body" of "ContactForm".
in /home/u939314396/public_html/protected/controllers/SiteController.php (69)
in /home/u939314396/public_html/index.php (13)
2014/05/07 18:36:59 [warning] [application] Failed to set unsafe attribute "name" of "ContactForm".
in /home/u939314396/public_html/protected/controllers/SiteController.php (69)
in /home/u939314396/public_html/index.php (13)
2014/05/07 18:36:59 [warning] [application] Failed to set unsafe attribute "body" of "ContactForm".
in /home/u939314396/public_html/protected/controllers/SiteController.php (69)
in /home/u939314396/public_html/index.php (13)
2014/05/07 18:51:22 [warning] [application] Failed to set unsafe attribute "name" of "ContactForm".
in /home/u939314396/public_html/protected/controllers/SiteController.php (78)
in /home/u939314396/public_html/index.php (13)
2014/05/07 18:51:22 [warning] [application] Failed to set unsafe attribute "body" of "ContactForm".
in /home/u939314396/public_html/protected/controllers/SiteController.php (78)
in /home/u939314396/public_html/index.php (13)
2014/05/07 18:51:40 [error] [exception.CHttpException.404] exception 'CHttpException' with message 'Unable to resolve the request "update".' in /home/u939314396/public_html/YII/framework/web/CWebApplication.php:286
Stack trace:
#0 /home/u939314396/public_html/YII/framework/web/CWebApplication.php(141): CWebApplication->runController('update')
#1 /home/u939314396/public_html/YII/framework/base/CApplication.php(180): CWebApplication->processRequest()
#2 /home/u939314396/public_html/index.php(13): CApplication->run()
#3 {main}
REQUEST_URI=/index.php?r=update&id=19
HTTP_REFERER=http://jurets.besaba.com/index.php?r=site/view&id=19
---
2014/05/07 18:54:15 [warning] [application] Failed to set unsafe attribute "comment" of "Orders".
in /home/u939314396/public_html/protected/controllers/SiteController.php (127)
in /home/u939314396/public_html/index.php (13)
2014/05/07 18:54:26 [error] [exception.CHttpException.404] exception 'CHttpException' with message 'Unable to resolve the request "update".' in /home/u939314396/public_html/YII/framework/web/CWebApplication.php:286
Stack trace:
#0 /home/u939314396/public_html/YII/framework/web/CWebApplication.php(141): CWebApplication->runController('update')
#1 /home/u939314396/public_html/YII/framework/base/CApplication.php(180): CWebApplication->processRequest()
#2 /home/u939314396/public_html/index.php(13): CApplication->run()
#3 {main}
REQUEST_URI=/index.php?r=update&id=19
HTTP_REFERER=http://jurets.besaba.com/index.php?r=site/view&id=19
---
2014/05/07 19:02:09 [error] [exception.CHttpException.404] exception 'CHttpException' with message 'Unable to resolve the request "update".' in /home/u939314396/public_html/YII/framework/web/CWebApplication.php:286
Stack trace:
#0 /home/u939314396/public_html/YII/framework/web/CWebApplication.php(141): CWebApplication->runController('update')
#1 /home/u939314396/public_html/YII/framework/base/CApplication.php(180): CWebApplication->processRequest()
#2 /home/u939314396/public_html/index.php(13): CApplication->run()
#3 {main}
REQUEST_URI=/index.php?r=update&id=19
HTTP_REFERER=http://jurets.besaba.com/index.php?r=site/view&id=19
---
2014/05/08 09:50:49 [error] [exception.CDbException] exception 'CDbException' with message 'CDbConnection failed to open the DB connection: SQLSTATE[HY000] [1045] Access denied for user 'u939314396_gyv'@'localhost' (using password: YES)' in F:\Jurets\Projects\evrika\trunk\YII\framework\db\CDbConnection.php:382
Stack trace:
#0 F:\Jurets\Projects\evrika\trunk\YII\framework\db\CDbConnection.php(330): CDbConnection->open()
#1 F:\Jurets\Projects\evrika\trunk\YII\framework\db\CDbConnection.php(308): CDbConnection->setActive(true)
#2 F:\Jurets\Projects\evrika\trunk\YII\framework\base\CModule.php(387): CDbConnection->init()
#3 F:\Jurets\Projects\evrika\trunk\YII\framework\base\CApplication.php(450): CModule->getComponent('db')
#4 F:\Jurets\Projects\evrika\trunk\YII\framework\db\ar\CActiveRecord.php(634): CApplication->getDb()
#5 F:\Jurets\Projects\evrika\trunk\YII\framework\db\ar\CActiveRecord.php(667): CActiveRecord->getDbConnection()
#6 F:\Jurets\Projects\evrika\trunk\YII\framework\db\ar\CActiveRecord.php(1595): CActiveRecord->getCommandBuilder()
#7 F:\Jurets\Projects\evrika\trunk\YII\framework\web\CActiveDataProvider.php(228): CActiveRecord->count(Object(CDbCriteria))
#8 F:\Jurets\Projects\evrika\trunk\YII\framework\web\CDataProvider.php(224): CActiveDataProvider->calculateTotalItemCount()
#9 F:\Jurets\Projects\evrika\trunk\YII\framework\web\CActiveDataProvider.php(178): CDataProvider->getTotalItemCount()
#10 F:\Jurets\Projects\evrika\trunk\YII\framework\web\CDataProvider.php(168): CActiveDataProvider->fetchData()
#11 F:\Jurets\Projects\evrika\trunk\YII\framework\zii\widgets\CBaseListView.php(111): CDataProvider->getData()
#12 F:\Jurets\Projects\evrika\trunk\YII\framework\zii\widgets\grid\CGridView.php(339): CBaseListView->init()
#13 F:\Jurets\Projects\evrika\trunk\YII\framework\web\CBaseController.php(147): CGridView->init()
#14 F:\Jurets\Projects\evrika\trunk\YII\framework\web\CBaseController.php(172): CBaseController->createWidget('zii.widgets.gri...', Array)
#15 F:\Jurets\Projects\evrika\trunk\protected\views\site\index.php(85): CBaseController->widget('zii.widgets.gri...', Array)
#16 F:\Jurets\Projects\evrika\trunk\YII\framework\web\CBaseController.php(126): require('F:\Jurets\Proje...')
#17 F:\Jurets\Projects\evrika\trunk\YII\framework\web\CBaseController.php(95): CBaseController->renderInternal('F:\Jurets\Proje...', Array, true)
#18 F:\Jurets\Projects\evrika\trunk\YII\framework\web\CController.php(869): CBaseController->renderFile('F:\Jurets\Proje...', Array, true)
#19 F:\Jurets\Projects\evrika\trunk\YII\framework\web\CController.php(782): CController->renderPartial('index', Array, true)
#20 F:\Jurets\Projects\evrika\trunk\protected\controllers\SiteController.php(67): CController->render('index', Array)
#21 F:\Jurets\Projects\evrika\trunk\YII\framework\web\actions\CInlineAction.php(49): SiteController->actionIndex()
#22 F:\Jurets\Projects\evrika\trunk\YII\framework\web\CController.php(308): CInlineAction->runWithParams(Array)
#23 F:\Jurets\Projects\evrika\trunk\YII\framework\web\CController.php(286): CController->runAction(Object(CInlineAction))
#24 F:\Jurets\Projects\evrika\trunk\YII\framework\web\CController.php(265): CController->runActionWithFilters(Object(CInlineAction), Array)
#25 F:\Jurets\Projects\evrika\trunk\YII\framework\web\CWebApplication.php(282): CController->run('')
#26 F:\Jurets\Projects\evrika\trunk\YII\framework\web\CWebApplication.php(141): CWebApplication->runController('')
#27 F:\Jurets\Projects\evrika\trunk\YII\framework\base\CApplication.php(180): CWebApplication->processRequest()
#28 F:\Jurets\Projects\evrika\trunk\index.php(13): CApplication->run()
#29 {main}
REQUEST_URI=/
---
2014/05/08 09:50:51 [error] [exception.CDbException] exception 'CDbException' with message 'CDbConnection failed to open the DB connection: SQLSTATE[HY000] [1045] Access denied for user 'u939314396_gyv'@'localhost' (using password: YES)' in F:\Jurets\Projects\evrika\trunk\YII\framework\db\CDbConnection.php:382
Stack trace:
#0 F:\Jurets\Projects\evrika\trunk\YII\framework\db\CDbConnection.php(330): CDbConnection->open()
#1 F:\Jurets\Projects\evrika\trunk\YII\framework\db\CDbConnection.php(308): CDbConnection->setActive(true)
#2 F:\Jurets\Projects\evrika\trunk\YII\framework\base\CModule.php(387): CDbConnection->init()
#3 F:\Jurets\Projects\evrika\trunk\YII\framework\base\CApplication.php(450): CModule->getComponent('db')
#4 F:\Jurets\Projects\evrika\trunk\YII\framework\db\ar\CActiveRecord.php(634): CApplication->getDb()
#5 F:\Jurets\Projects\evrika\trunk\YII\framework\db\ar\CActiveRecord.php(667): CActiveRecord->getDbConnection()
#6 F:\Jurets\Projects\evrika\trunk\YII\framework\db\ar\CActiveRecord.php(1595): CActiveRecord->getCommandBuilder()
#7 F:\Jurets\Projects\evrika\trunk\YII\framework\web\CActiveDataProvider.php(228): CActiveRecord->count(Object(CDbCriteria))
#8 F:\Jurets\Projects\evrika\trunk\YII\framework\web\CDataProvider.php(224): CActiveDataProvider->calculateTotalItemCount()
#9 F:\Jurets\Projects\evrika\trunk\YII\framework\web\CActiveDataProvider.php(178): CDataProvider->getTotalItemCount()
#10 F:\Jurets\Projects\evrika\trunk\YII\framework\web\CDataProvider.php(168): CActiveDataProvider->fetchData()
#11 F:\Jurets\Projects\evrika\trunk\YII\framework\zii\widgets\CBaseListView.php(111): CDataProvider->getData()
#12 F:\Jurets\Projects\evrika\trunk\YII\framework\zii\widgets\grid\CGridView.php(339): CBaseListView->init()
#13 F:\Jurets\Projects\evrika\trunk\YII\framework\web\CBaseController.php(147): CGridView->init()
#14 F:\Jurets\Projects\evrika\trunk\YII\framework\web\CBaseController.php(172): CBaseController->createWidget('zii.widgets.gri...', Array)
#15 F:\Jurets\Projects\evrika\trunk\protected\views\site\index.php(85): CBaseController->widget('zii.widgets.gri...', Array)
#16 F:\Jurets\Projects\evrika\trunk\YII\framework\web\CBaseController.php(126): require('F:\Jurets\Proje...')
#17 F:\Jurets\Projects\evrika\trunk\YII\framework\web\CBaseController.php(95): CBaseController->renderInternal('F:\Jurets\Proje...', Array, true)
#18 F:\Jurets\Projects\evrika\trunk\YII\framework\web\CController.php(869): CBaseController->renderFile('F:\Jurets\Proje...', Array, true)
#19 F:\Jurets\Projects\evrika\trunk\YII\framework\web\CController.php(782): CController->renderPartial('index', Array, true)
#20 F:\Jurets\Projects\evrika\trunk\protected\controllers\SiteController.php(67): CController->render('index', Array)
#21 F:\Jurets\Projects\evrika\trunk\YII\framework\web\actions\CInlineAction.php(49): SiteController->actionIndex()
#22 F:\Jurets\Projects\evrika\trunk\YII\framework\web\CController.php(308): CInlineAction->runWithParams(Array)
#23 F:\Jurets\Projects\evrika\trunk\YII\framework\web\CController.php(286): CController->runAction(Object(CInlineAction))
#24 F:\Jurets\Projects\evrika\trunk\YII\framework\web\CController.php(265): CController->runActionWithFilters(Object(CInlineAction), Array)
#25 F:\Jurets\Projects\evrika\trunk\YII\framework\web\CWebApplication.php(282): CController->run('')
#26 F:\Jurets\Projects\evrika\trunk\YII\framework\web\CWebApplication.php(141): CWebApplication->runController('')
#27 F:\Jurets\Projects\evrika\trunk\YII\framework\base\CApplication.php(180): CWebApplication->processRequest()
#28 F:\Jurets\Projects\evrika\trunk\index.php(13): CApplication->run()
#29 {main}
REQUEST_URI=/favicon.ico
---
2014/05/08 09:50:51 [error] [exception.CDbException] exception 'CDbException' with message 'CDbConnection failed to open the DB connection: SQLSTATE[HY000] [1045] Access denied for user 'u939314396_gyv'@'localhost' (using password: YES)' in F:\Jurets\Projects\evrika\trunk\YII\framework\db\CDbConnection.php:382
Stack trace:
#0 F:\Jurets\Projects\evrika\trunk\YII\framework\db\CDbConnection.php(330): CDbConnection->open()
#1 F:\Jurets\Projects\evrika\trunk\YII\framework\db\CDbConnection.php(308): CDbConnection->setActive(true)
#2 F:\Jurets\Projects\evrika\trunk\YII\framework\base\CModule.php(387): CDbConnection->init()
#3 F:\Jurets\Projects\evrika\trunk\YII\framework\base\CApplication.php(450): CModule->getComponent('db')
#4 F:\Jurets\Projects\evrika\trunk\YII\framework\db\ar\CActiveRecord.php(634): CApplication->getDb()
#5 F:\Jurets\Projects\evrika\trunk\YII\framework\db\ar\CActiveRecord.php(667): CActiveRecord->getDbConnection()
#6 F:\Jurets\Projects\evrika\trunk\YII\framework\db\ar\CActiveRecord.php(1595): CActiveRecord->getCommandBuilder()
#7 F:\Jurets\Projects\evrika\trunk\YII\framework\web\CActiveDataProvider.php(228): CActiveRecord->count(Object(CDbCriteria))
#8 F:\Jurets\Projects\evrika\trunk\YII\framework\web\CDataProvider.php(224): CActiveDataProvider->calculateTotalItemCount()
#9 F:\Jurets\Projects\evrika\trunk\YII\framework\web\CActiveDataProvider.php(178): CDataProvider->getTotalItemCount()
#10 F:\Jurets\Projects\evrika\trunk\YII\framework\web\CDataProvider.php(168): CActiveDataProvider->fetchData()
#11 F:\Jurets\Projects\evrika\trunk\YII\framework\zii\widgets\CBaseListView.php(111): CDataProvider->getData()
#12 F:\Jurets\Projects\evrika\trunk\YII\framework\zii\widgets\grid\CGridView.php(339): CBaseListView->init()
#13 F:\Jurets\Projects\evrika\trunk\YII\framework\web\CBaseController.php(147): CGridView->init()
#14 F:\Jurets\Projects\evrika\trunk\YII\framework\web\CBaseController.php(172): CBaseController->createWidget('zii.widgets.gri...', Array)
#15 F:\Jurets\Projects\evrika\trunk\protected\views\site\index.php(85): CBaseController->widget('zii.widgets.gri...', Array)
#16 F:\Jurets\Projects\evrika\trunk\YII\framework\web\CBaseController.php(126): require('F:\Jurets\Proje...')
#17 F:\Jurets\Projects\evrika\trunk\YII\framework\web\CBaseController.php(95): CBaseController->renderInternal('F:\Jurets\Proje...', Array, true)
#18 F:\Jurets\Projects\evrika\trunk\YII\framework\web\CController.php(869): CBaseController->renderFile('F:\Jurets\Proje...', Array, true)
#19 F:\Jurets\Projects\evrika\trunk\YII\framework\web\CController.php(782): CController->renderPartial('index', Array, true)
#20 F:\Jurets\Projects\evrika\trunk\protected\controllers\SiteController.php(67): CController->render('index', Array)
#21 F:\Jurets\Projects\evrika\trunk\YII\framework\web\actions\CInlineAction.php(49): SiteController->actionIndex()
#22 F:\Jurets\Projects\evrika\trunk\YII\framework\web\CController.php(308): CInlineAction->runWithParams(Array)
#23 F:\Jurets\Projects\evrika\trunk\YII\framework\web\CController.php(286): CController->runAction(Object(CInlineAction))
#24 F:\Jurets\Projects\evrika\trunk\YII\framework\web\CController.php(265): CController->runActionWithFilters(Object(CInlineAction), Array)
#25 F:\Jurets\Projects\evrika\trunk\YII\framework\web\CWebApplication.php(282): CController->run('')
#26 F:\Jurets\Projects\evrika\trunk\YII\framework\web\CWebApplication.php(141): CWebApplication->runController('')
#27 F:\Jurets\Projects\evrika\trunk\YII\framework\base\CApplication.php(180): CWebApplication->processRequest()
#28 F:\Jurets\Projects\evrika\trunk\index.php(13): CApplication->run()
#29 {main}
REQUEST_URI=/favicon.ico
---
2014/05/08 09:50:51 [error] [exception.CDbException] exception 'CDbException' with message 'CDbConnection failed to open the DB connection: SQLSTATE[HY000] [1045] Access denied for user 'u939314396_gyv'@'localhost' (using password: YES)' in F:\Jurets\Projects\evrika\trunk\YII\framework\db\CDbConnection.php:382
Stack trace:
#0 F:\Jurets\Projects\evrika\trunk\YII\framework\db\CDbConnection.php(330): CDbConnection->open()
#1 F:\Jurets\Projects\evrika\trunk\YII\framework\db\CDbConnection.php(308): CDbConnection->setActive(true)
#2 F:\Jurets\Projects\evrika\trunk\YII\framework\base\CModule.php(387): CDbConnection->init()
#3 F:\Jurets\Projects\evrika\trunk\YII\framework\base\CApplication.php(450): CModule->getComponent('db')
#4 F:\Jurets\Projects\evrika\trunk\YII\framework\db\ar\CActiveRecord.php(634): CApplication->getDb()
#5 F:\Jurets\Projects\evrika\trunk\YII\framework\db\ar\CActiveRecord.php(667): CActiveRecord->getDbConnection()
#6 F:\Jurets\Projects\evrika\trunk\YII\framework\db\ar\CActiveRecord.php(1595): CActiveRecord->getCommandBuilder()
#7 F:\Jurets\Projects\evrika\trunk\YII\framework\web\CActiveDataProvider.php(228): CActiveRecord->count(Object(CDbCriteria))
#8 F:\Jurets\Projects\evrika\trunk\YII\framework\web\CDataProvider.php(224): CActiveDataProvider->calculateTotalItemCount()
#9 F:\Jurets\Projects\evrika\trunk\YII\framework\web\CActiveDataProvider.php(178): CDataProvider->getTotalItemCount()
#10 F:\Jurets\Projects\evrika\trunk\YII\framework\web\CDataProvider.php(168): CActiveDataProvider->fetchData()
#11 F:\Jurets\Projects\evrika\trunk\YII\framework\zii\widgets\CBaseListView.php(111): CDataProvider->getData()
#12 F:\Jurets\Projects\evrika\trunk\YII\framework\zii\widgets\grid\CGridView.php(339): CBaseListView->init()
#13 F:\Jurets\Projects\evrika\trunk\YII\framework\web\CBaseController.php(147): CGridView->init()
#14 F:\Jurets\Projects\evrika\trunk\YII\framework\web\CBaseController.php(172): CBaseController->createWidget('zii.widgets.gri...', Array)
#15 F:\Jurets\Projects\evrika\trunk\protected\views\site\index.php(85): CBaseController->widget('zii.widgets.gri...', Array)
#16 F:\Jurets\Projects\evrika\trunk\YII\framework\web\CBaseController.php(126): require('F:\Jurets\Proje...')
#17 F:\Jurets\Projects\evrika\trunk\YII\framework\web\CBaseController.php(95): CBaseController->renderInternal('F:\Jurets\Proje...', Array, true)
#18 F:\Jurets\Projects\evrika\trunk\YII\framework\web\CController.php(869): CBaseController->renderFile('F:\Jurets\Proje...', Array, true)
#19 F:\Jurets\Projects\evrika\trunk\YII\framework\web\CController.php(782): CController->renderPartial('index', Array, true)
#20 F:\Jurets\Projects\evrika\trunk\protected\controllers\SiteController.php(67): CController->render('index', Array)
#21 F:\Jurets\Projects\evrika\trunk\YII\framework\web\actions\CInlineAction.php(49): SiteController->actionIndex()
#22 F:\Jurets\Projects\evrika\trunk\YII\framework\web\CController.php(308): CInlineAction->runWithParams(Array)
#23 F:\Jurets\Projects\evrika\trunk\YII\framework\web\CController.php(286): CController->runAction(Object(CInlineAction))
#24 F:\Jurets\Projects\evrika\trunk\YII\framework\web\CController.php(265): CController->runActionWithFilters(Object(CInlineAction), Array)
#25 F:\Jurets\Projects\evrika\trunk\YII\framework\web\CWebApplication.php(282): CController->run('')
#26 F:\Jurets\Projects\evrika\trunk\YII\framework\web\CWebApplication.php(141): CWebApplication->runController('')
#27 F:\Jurets\Projects\evrika\trunk\YII\framework\base\CApplication.php(180): CWebApplication->processRequest()
#28 F:\Jurets\Projects\evrika\trunk\index.php(13): CApplication->run()
#29 {main}
REQUEST_URI=/favicon.ico
---
2014/05/08 09:55:39 [error] [exception.CException] exception 'CException' with message 'CAssetManager.basePath "F:\Jurets\Projects\evrika\trunk\assets" is invalid. Please make sure the directory exists and is writable by the Web server process.' in F:\Jurets\Projects\evrika\trunk\YII\framework\web\CAssetManager.php:138
Stack trace:
#0 F:\Jurets\Projects\evrika\trunk\YII\framework\web\CAssetManager.php(123): CAssetManager->setBasePath('F:\Jurets\Proje...')
#1 F:\Jurets\Projects\evrika\trunk\YII\framework\web\CAssetManager.php(217): CAssetManager->getBasePath()
#2 F:\Jurets\Projects\evrika\trunk\YII\framework\zii\widgets\grid\CGridView.php(350): CAssetManager->publish('F:\Jurets\Proje...')
#3 F:\Jurets\Projects\evrika\trunk\YII\framework\web\CBaseController.php(147): CGridView->init()
#4 F:\Jurets\Projects\evrika\trunk\YII\framework\web\CBaseController.php(172): CBaseController->createWidget('zii.widgets.gri...', Array)
#5 F:\Jurets\Projects\evrika\trunk\protected\views\site\index.php(85): CBaseController->widget('zii.widgets.gri...', Array)
#6 F:\Jurets\Projects\evrika\trunk\YII\framework\web\CBaseController.php(126): require('F:\Jurets\Proje...')
#7 F:\Jurets\Projects\evrika\trunk\YII\framework\web\CBaseController.php(95): CBaseController->renderInternal('F:\Jurets\Proje...', Array, true)
#8 F:\Jurets\Projects\evrika\trunk\YII\framework\web\CController.php(869): CBaseController->renderFile('F:\Jurets\Proje...', Array, true)
#9 F:\Jurets\Projects\evrika\trunk\YII\framework\web\CController.php(782): CController->renderPartial('index', Array, true)
#10 F:\Jurets\Projects\evrika\trunk\protected\controllers\SiteController.php(67): CController->render('index', Array)
#11 F:\Jurets\Projects\evrika\trunk\YII\framework\web\actions\CInlineAction.php(49): SiteController->actionIndex()
#12 F:\Jurets\Projects\evrika\trunk\YII\framework\web\CController.php(308): CInlineAction->runWithParams(Array)
#13 F:\Jurets\Projects\evrika\trunk\YII\framework\web\CController.php(286): CController->runAction(Object(CInlineAction))
#14 F:\Jurets\Projects\evrika\trunk\YII\framework\web\CController.php(265): CController->runActionWithFilters(Object(CInlineAction), Array)
#15 F:\Jurets\Projects\evrika\trunk\YII\framework\web\CWebApplication.php(282): CController->run('')
#16 F:\Jurets\Projects\evrika\trunk\YII\framework\web\CWebApplication.php(141): CWebApplication->runController('')
#17 F:\Jurets\Projects\evrika\trunk\YII\framework\base\CApplication.php(180): CWebApplication->processRequest()
#18 F:\Jurets\Projects\evrika\trunk\index.php(13): CApplication->run()
#19 {main}
REQUEST_URI=/
---
